2026-04-19 00:30:20,886 [INFO    ] __main__: ======================================================================
2026-04-19 00:30:20,886 [INFO    ] __main__: Dynamic Resource Allocator System Starting
2026-04-19 00:30:20,890 [INFO    ] __main__: ======================================================================
2026-04-19 00:30:20,892 [INFO    ] __main__: Loading configuration from: config.json
2026-04-19 00:30:20,900 [INFO    ] DynamicResourceAllocator: Configuration loaded from config.json
2026-04-19 00:30:20,902 [INFO    ] ResourceManager: Changed allocation strategy to: performance
2026-04-19 00:30:20,902 [INFO    ] DynamicResourceAllocator: Allocation strategy changed to: performance
2026-04-19 00:30:20,905 [INFO    ] DynamicResourceAllocator: ============================================================
2026-04-19 00:30:20,905 [INFO    ] DynamicResourceAllocator: Starting Dynamic Resource Allocator
2026-04-19 00:30:20,905 [INFO    ] DynamicResourceAllocator: ============================================================
2026-04-19 00:30:20,906 [INFO    ] PerformanceOptimizer: Performance optimizer started
2026-04-19 00:30:20,906 [INFO    ] DynamicResourceAllocator: All components started successfully
2026-04-19 00:30:20,908 [INFO    ] DynamicResourceAllocator: CPU Cores Available: 3
2026-04-19 00:30:20,908 [INFO    ] DynamicResourceAllocator: Allocation Strategy: performance
2026-04-19 00:30:20,909 [INFO    ] __main__: Allocation strategy: performance
2026-04-19 00:30:20,909 [INFO    ] __main__: CPU Cores available: 3
2026-04-19 00:30:20,911 [INFO    ] __main__: Monitoring interval: 1.0s
2026-04-19 00:30:20,911 [INFO    ] __main__: Optimization interval: 5.0s
2026-04-19 00:30:20,911 [INFO    ] __main__: Running for 60 seconds...
2026-04-19 00:30:20,911 [ERROR   ] __main__: Unexpected error: 'system_metrics'
Traceback (most recent call last):
  File "C:\Users\anshika\Downloads\Speckey-main\Speckey-main\os\main.py", line 267, in main
    metrics = status['system_metrics']
              ~~~~~~^^^^^^^^^^^^^^^^^^
KeyError: 'system_metrics'
2026-04-19 00:30:20,915 [INFO    ] __main__: Stopping allocator...
2026-04-19 00:30:20,915 [INFO    ] DynamicResourceAllocator: Stopping Dynamic Resource Allocator...
2026-04-19 00:30:38,326 [INFO    ] __main__: ======================================================================
2026-04-19 00:30:38,326 [INFO    ] __main__: Dynamic Resource Allocator System Starting
2026-04-19 00:30:38,326 [INFO    ] __main__: ======================================================================
2026-04-19 00:30:38,328 [INFO    ] __main__: Loading configuration from: config.json
2026-04-19 00:30:38,328 [INFO    ] DynamicResourceAllocator: Configuration loaded from config.json
2026-04-19 00:30:38,328 [INFO    ] ResourceManager: Changed allocation strategy to: performance
2026-04-19 00:30:38,330 [INFO    ] DynamicResourceAllocator: Allocation strategy changed to: performance
2026-04-19 00:30:38,330 [INFO    ] DynamicResourceAllocator: ============================================================
2026-04-19 00:30:38,330 [INFO    ] DynamicResourceAllocator: Starting Dynamic Resource Allocator
2026-04-19 00:30:38,330 [INFO    ] DynamicResourceAllocator: ============================================================
2026-04-19 00:30:38,331 [INFO    ] PerformanceOptimizer: Performance optimizer started
2026-04-19 00:30:38,331 [INFO    ] DynamicResourceAllocator: All components started successfully
2026-04-19 00:30:38,331 [INFO    ] DynamicResourceAllocator: CPU Cores Available: 3
2026-04-19 00:30:38,331 [INFO    ] DynamicResourceAllocator: Allocation Strategy: performance
2026-04-19 00:30:38,331 [INFO    ] __main__: Allocation strategy: performance
2026-04-19 00:30:38,334 [INFO    ] __main__: CPU Cores available: 3
2026-04-19 00:30:38,334 [INFO    ] __main__: Monitoring interval: 1.0s
2026-04-19 00:30:38,334 [INFO    ] __main__: Optimization interval: 5.0s
2026-04-19 00:30:38,334 [INFO    ] __main__: Running for 60 seconds...
2026-04-19 00:30:38,334 [ERROR   ] __main__: Unexpected error: 'system_metrics'
Traceback (most recent call last):
  File "C:\Users\anshika\Downloads\Speckey-main\Speckey-main\os\main.py", line 267, in main
    metrics = status['system_metrics']
              ~~~~~~^^^^^^^^^^^^^^^^^^
KeyError: 'system_metrics'
2026-04-19 00:30:38,337 [INFO    ] __main__: Stopping allocator...
2026-04-19 00:30:38,338 [INFO    ] DynamicResourceAllocator: Stopping Dynamic Resource Allocator...
2026-04-19 00:30:46,529 [ERROR   ] PerformanceOptimizer: Error in optimization loop: unhashable type: 'ProcessMetrics'
2026-04-19 00:30:46,529 [INFO    ] PerformanceOptimizer: Performance optimizer stopped
2026-04-19 00:30:46,529 [INFO    ] DynamicResourceAllocator: System stopped. Uptime: 8.2 seconds
2026-04-19 00:30:46,529 [INFO    ] DynamicResourceAllocator: ============================================================
2026-04-19 00:30:46,533 [INFO    ] __main__: Uptime: 8.2 seconds
2026-04-19 00:30:46,533 [INFO    ] __main__: ======================================================================
2026-04-19 00:30:46,533 [INFO    ] __main__: Dynamic Resource Allocator System Stopped
2026-04-19 00:30:46,533 [INFO    ] __main__: ======================================================================
2026-04-19 00:32:41,828 [INFO    ] __main__: ======================================================================
2026-04-19 00:32:41,828 [INFO    ] __main__: Dynamic Resource Allocator System Starting
2026-04-19 00:32:41,828 [INFO    ] __main__: ======================================================================
2026-04-19 00:32:41,828 [INFO    ] __main__: Loading configuration from: config.json
2026-04-19 00:32:41,828 [INFO    ] DynamicResourceAllocator: Configuration loaded from config.json
2026-04-19 00:32:41,828 [INFO    ] ResourceManager: Changed allocation strategy to: performance
2026-04-19 00:32:41,832 [INFO    ] DynamicResourceAllocator: Allocation strategy changed to: performance
2026-04-19 00:32:41,832 [INFO    ] DynamicResourceAllocator: ============================================================
2026-04-19 00:32:41,832 [INFO    ] DynamicResourceAllocator: Starting Dynamic Resource Allocator
2026-04-19 00:32:41,832 [INFO    ] DynamicResourceAllocator: ============================================================
2026-04-19 00:32:41,835 [INFO    ] PerformanceOptimizer: Performance optimizer started
2026-04-19 00:32:41,835 [INFO    ] DynamicResourceAllocator: All components started successfully
2026-04-19 00:32:41,835 [INFO    ] DynamicResourceAllocator: CPU Cores Available: 3
2026-04-19 00:32:41,835 [INFO    ] DynamicResourceAllocator: Allocation Strategy: performance
2026-04-19 00:32:41,837 [INFO    ] __main__: Allocation strategy: performance
2026-04-19 00:32:41,837 [INFO    ] __main__: CPU Cores available: 3
2026-04-19 00:32:41,837 [INFO    ] __main__: Monitoring interval: 1.0s
2026-04-19 00:32:41,837 [INFO    ] __main__: Optimization interval: 5.0s
2026-04-19 00:32:41,837 [INFO    ] __main__: Running for 30 seconds...
2026-04-19 00:33:00,102 [WARNING ] __main__: Memory usage high: 85.4% (threshold: 85.0%)
2026-04-19 00:33:09,097 [WARNING ] __main__: Memory usage high: 85.5% (threshold: 85.0%)
2026-04-19 00:33:09,114 [WARNING ] PerformanceOptimizer: Bottleneck detected for PID 15636: Erratic CPU usage (variance: 3181.8)
2026-04-19 00:33:14,117 [INFO    ] __main__: Stopping allocator...
2026-04-19 00:33:14,117 [INFO    ] DynamicResourceAllocator: Stopping Dynamic Resource Allocator...
2026-04-19 00:33:18,478 [WARNING ] PerformanceOptimizer: Bottleneck detected for PID 15636: Erratic CPU usage (variance: 2386.3)
2026-04-19 00:33:23,481 [INFO    ] PerformanceOptimizer: Performance optimizer stopped
2026-04-19 00:33:23,483 [INFO    ] DynamicResourceAllocator: System stopped. Uptime: 41.6 seconds
2026-04-19 00:33:23,485 [INFO    ] DynamicResourceAllocator: ============================================================
2026-04-19 00:34:13,061 [INFO    ] __main__: ======================================================================
2026-04-19 00:34:13,061 [INFO    ] __main__: Dynamic Resource Allocator System Starting
2026-04-19 00:34:13,061 [INFO    ] __main__: ======================================================================
2026-04-19 00:34:13,061 [INFO    ] __main__: Loading configuration from: config.json
2026-04-19 00:34:13,063 [INFO    ] DynamicResourceAllocator: Configuration loaded from config.json
2026-04-19 00:34:13,063 [INFO    ] ResourceManager: Changed allocation strategy to: performance
2026-04-19 00:34:13,063 [INFO    ] DynamicResourceAllocator: Allocation strategy changed to: performance
2026-04-19 00:34:13,063 [INFO    ] DynamicResourceAllocator: ============================================================
2026-04-19 00:34:13,063 [INFO    ] DynamicResourceAllocator: Starting Dynamic Resource Allocator
2026-04-19 00:34:13,064 [INFO    ] DynamicResourceAllocator: ============================================================
2026-04-19 00:34:13,064 [INFO    ] PerformanceOptimizer: Performance optimizer started
2026-04-19 00:34:13,064 [INFO    ] DynamicResourceAllocator: All components started successfully
2026-04-19 00:34:13,064 [INFO    ] DynamicResourceAllocator: CPU Cores Available: 3
2026-04-19 00:34:13,064 [INFO    ] DynamicResourceAllocator: Allocation Strategy: performance
2026-04-19 00:34:13,064 [INFO    ] __main__: Allocation strategy: performance
2026-04-19 00:34:13,064 [INFO    ] __main__: CPU Cores available: 3
2026-04-19 00:34:13,064 [INFO    ] __main__: Monitoring interval: 1.0s
2026-04-19 00:34:13,064 [INFO    ] __main__: Optimization interval: 5.0s
2026-04-19 00:34:13,067 [INFO    ] __main__: Running for 20 seconds...
2026-04-19 00:34:23,136 [WARNING ] __main__: Memory usage high: 85.7% (threshold: 85.0%)
2026-04-19 00:34:31,823 [WARNING ] __main__: Memory usage high: 85.7% (threshold: 85.0%)
2026-04-19 00:34:36,832 [INFO    ] __main__: Stopping allocator...
2026-04-19 00:34:36,832 [INFO    ] DynamicResourceAllocator: Stopping Dynamic Resource Allocator...
2026-04-19 00:34:46,348 [INFO    ] PerformanceOptimizer: Performance optimizer stopped
2026-04-19 00:34:46,348 [INFO    ] DynamicResourceAllocator: System stopped. Uptime: 33.3 seconds
2026-04-19 00:34:46,350 [INFO    ] DynamicResourceAllocator: ============================================================
2026-04-19 00:34:46,350 [INFO    ] __main__: Uptime: 33.3 seconds
2026-04-19 00:34:46,350 [INFO    ] __main__: ======================================================================
2026-04-19 00:34:46,350 [INFO    ] __main__: Dynamic Resource Allocator System Stopped
2026-04-19 00:34:46,350 [INFO    ] __main__: ======================================================================
2026-04-19 00:37:29,382 [INFO    ] __main__: ======================================================================
2026-04-19 00:37:29,382 [INFO    ] __main__: Dynamic Resource Allocator System Starting
2026-04-19 00:37:29,382 [INFO    ] __main__: ======================================================================
2026-04-19 00:37:29,382 [INFO    ] __main__: Loading configuration from: config.json
2026-04-19 00:37:29,382 [INFO    ] DynamicResourceAllocator: Configuration loaded from config.json
2026-04-19 00:37:29,382 [INFO    ] ResourceManager: Changed allocation strategy to: performance
2026-04-19 00:37:29,382 [INFO    ] DynamicResourceAllocator: Allocation strategy changed to: performance
2026-04-19 00:37:29,382 [INFO    ] DynamicResourceAllocator: ============================================================
2026-04-19 00:37:29,382 [INFO    ] DynamicResourceAllocator: Starting Dynamic Resource Allocator
2026-04-19 00:37:29,382 [INFO    ] DynamicResourceAllocator: ============================================================
2026-04-19 00:37:29,389 [INFO    ] PerformanceOptimizer: Performance optimizer started
2026-04-19 00:37:29,389 [INFO    ] DynamicResourceAllocator: All components started successfully
2026-04-19 00:37:29,389 [INFO    ] DynamicResourceAllocator: CPU Cores Available: 3
2026-04-19 00:37:29,389 [INFO    ] DynamicResourceAllocator: Allocation Strategy: performance
2026-04-19 00:37:29,389 [INFO    ] __main__: Allocation strategy: performance
2026-04-19 00:37:29,389 [INFO    ] __main__: CPU Cores available: 3
2026-04-19 00:37:29,389 [INFO    ] __main__: Monitoring interval: 1.0s
2026-04-19 00:37:29,389 [INFO    ] __main__: Optimization interval: 5.0s
2026-04-19 00:37:29,389 [INFO    ] __main__: Entering interactive mode...
2026-04-19 00:37:29,397 [WARNING ] DynamicResourceAllocator: System already running
